<?xml version="1.0" encoding="UTF-8" ?>
<testsuite errors="0" failures="0" hostname="raum10pc01" name="org.javacream.books.warehouse.business.ok.MapBooksServiceFindTest" tests="4" time="0.047" timestamp="2012-03-06T10:00:51">
  <properties>
[...]
</properties>
  <testcase classname="org.javacream.books.warehouse.business.ok.MapBooksServiceFindTest" name="testNullTitle" time="0.0" />
  <testcase classname="org.javacream.books.warehouse.business.ok.MapBooksServiceFindTest" name="testNullIsbn" time="0.0" />
  <testcase classname="org.javacream.books.warehouse.business.ok.MapBooksServiceFindTest" name="testFindBookByIsbn" time="0.0" />
  <testcase classname="org.javacream.books.warehouse.business.ok.MapBooksServiceFindTest" name="testUnknownIsbn" time="0.0" />
  <system-out><![CDATA[]]></system-out>
  <system-err><![CDATA[]]></system-err>
</testsuite>
